<?xml version="1.0" encoding="UTF-8"?>
<!-- Generated by org.testng.reporters.JUnitReportReporter -->
<testsuite hostname="Shubha" failures="0" tests="1" name="testCases.DeleteCustomer" time="31.214" errors="0" timestamp="2023-08-30T22:13:57 IST" skipped="0">
  <testcase classname="testCases.DeleteCustomer" name="DeleteExistingCustomer" time="31.214"/>
  <system-out/>
</testsuite> <!-- testCases.DeleteCustomer -->
