<?xml version="1.0" encoding="UTF-8"?>
<!-- Generated by org.testng.reporters.JUnitReportReporter -->
<testsuite hostname="Shubha" failures="0" tests="1" name="testCases.TC_SearchCustomerByEmail" time="55.598" errors="0" timestamp="2022-09-17T18:39:04 IST" skipped="0">
  <testcase classname="testCases.TC_SearchCustomerByEmail" name="SearchCustomer" time="55.598"/>
  <system-out/>
</testsuite> <!-- testCases.TC_SearchCustomerByEmail -->
