<?xml version="1.0" encoding="UTF-8"?>
<!-- Generated by org.testng.reporters.JUnitReportReporter -->
<testsuite hostname="Shubha" failures="0" tests="1" name="testCases.EditCustomer" time="33.131" errors="0" timestamp="2023-08-30T18:52:35 IST" skipped="0">
  <testcase classname="testCases.EditCustomer" name="EditCustomer" time="33.131"/>
  <system-out/>
</testsuite> <!-- testCases.EditCustomer -->
