<?xml version="1.0" encoding="UTF-8"?>
<!-- Generated by org.testng.reporters.JUnitReportReporter -->
<testsuite hostname="Shubha" failures="0" tests="1" name="testCases.TC_FetchCustomersList" time="205.715" errors="0" timestamp="2023-08-30T20:35:14 IST" skipped="0">
  <testcase classname="testCases.TC_FetchCustomersList" name="FetchAllCustomers" time="205.715"/>
  <system-out/>
</testsuite> <!-- testCases.TC_FetchCustomersList -->
