<?xml version="1.0" encoding="UTF-8"?>
<!-- Generated by org.testng.reporters.JUnitReportReporter -->
<testsuite hostname="Shubha" failures="0" tests="1" name="testCases.TC_SearchCustomerByName" time="22.474" errors="0" timestamp="2022-09-17T19:29:27 IST" skipped="0">
  <testcase classname="testCases.TC_SearchCustomerByName" name="SearchCustomer" time="22.474"/>
  <system-out/>
</testsuite> <!-- testCases.TC_SearchCustomerByName -->
