<?xml version="1.0" encoding="UTF-8"?>
<!-- Generated by org.testng.reporters.JUnitReportReporter -->
<testsuite hostname="Shubha" failures="0" tests="1" name="testCases.TC_AddCustomerTest" time="33.718" errors="0" timestamp="2023-08-30T23:09:16 IST" skipped="0">
  <testcase classname="testCases.TC_AddCustomerTest" name="addNewCustomer" time="33.718"/>
  <system-out/>
</testsuite> <!-- testCases.TC_AddCustomerTest -->
