<?xml version="1.0" encoding="UTF-8"?>
<!-- Generated by org.testng.reporters.JUnitReportReporter -->
<testsuite hostname="Shubha" failures="0" tests="1" name="testCases.FetchProd_BasedOnPrice" time="244.970" errors="0" timestamp="2023-08-30T19:27:45 IST" skipped="0">
  <testcase classname="testCases.FetchProd_BasedOnPrice" name="FetchProducts" time="244.970"/>
  <system-out/>
</testsuite> <!-- testCases.FetchProd_BasedOnPrice -->
