<?xml version="1.0" encoding="UTF-8"?>
<!-- Generated by org.testng.reporters.JUnitReportReporter -->
<testsuite hostname="Shubha" failures="0" tests="1" name="testCases.UploadProductPicture" time="56.426" errors="0" timestamp="2023-07-10T17:38:35 IST" skipped="0">
  <testcase classname="testCases.UploadProductPicture" name="UploadProduct" time="56.426"/>
  <system-out/>
</testsuite> <!-- testCases.UploadProductPicture -->
