<?xml version="1.0" encoding="UTF-8"?>
<!-- Generated by org.testng.reporters.JUnitReportReporter -->
<testsuite hostname="Shubha" failures="0" tests="1" name="testCases.TC_AddCustomerTest" time="49.026" errors="0" timestamp="2023-08-30T23:36:46 IST" skipped="0">
  <testcase classname="testCases.TC_AddCustomerTest" name="addNewCustomer" time="49.026"/>
  <system-out/>
</testsuite> <!-- testCases.TC_AddCustomerTest -->
